=== PROMPT ===
ls

=== TOKENS ===
[0] WORD(ls)
=== CMDS ===
cmd[0]
  argv: [=== PROMPT ===
ks

=== TOKENS ===
[0] WORD(ks)
=== CMDS ===
cmd[0]
  argv: [=== PROMPT ===
ls

=== TOKENS ===
[0] WORD(ls)
=== CMDS ===
cmd[0]
  argv: [=== PROMPT ===
ls

=== TOKENS ===
[0] WORD(ls)
=== CMDS ===
cmd[0]
  argv: [=== PROMPT ===
ls

=== TOKENS ===
[0] WORD(ls)
=== CMDS ===
cmd[0]
  argv: [=== PROMPT ===
ls

=== TOKENS ===
[0] WORD(ls)
=== CMDS ===
cmd[0]
  argv: [=== PROMPT ===
ls

=== TOKENS ===
[0] WORD(ls)
=== CMDS ===
cmd[0]
  argv: [=== PROMPT ===
ls

=== TOKENS ===
[0] WORD(ls)
=== CMDS ===
cmd[0]
  argv: [ls]
  redirs: none
  next: NULL
------------------
=== PROMPT ===
ls

=== TOKENS ===
[0] WORD(ls)
=== CMDS ===
cmd[0]
  argv: [ls]
  redirs: none
  next: NULL
------------------
=== PROMPT ===
clear

=== TOKENS ===
[0] WORD(clear)
=== CMDS ===
cmd[0]
  argv: [clear]
  redirs: none
  next: NULL
------------------
=== PROMPT ===
< opt | grep "foo"  | sort | wc -c > outfile

=== TOKENS ===
[0] REDIR_IN(<)
[1] WORD(opt)
[2] PIPE(|)
[3] WORD(grep)
[4] WORD("foo")
[5] PIPE(|)
[6] WORD(sort)
[7] PIPE(|)
[8] WORD(wc)
[9] WORD(-c)
[10] REDIR_OUT(>)
[11] WORD(outfile)
=== CMDS ===
cmd[0]
  argv: none
  redirs: < [opt]
  next: YES
cmd[1]
  argv: [grep] ["foo"]
  redirs: none
  next: YES
cmd[2]
  argv: [sort]
  redirs: none
  next: YES
cmd[3]
  argv: [wc] [-c]
  redirs: > [outfile]
  next: NULL
------------------
=== PROMPT ===
ls

=== TOKENS ===
[0] WORD(ls)
=== CMDS ===
cmd[0]
  argv: [ls]
  redirs: none
  next: NULL
------------------
=== PROMPT ===
clear

=== TOKENS ===
[0] WORD(clear)
=== CMDS ===
cmd[0]
  argv: [clear]
  redirs: none
  next: NULL
------------------
=== PROMPT ===
make re &&

=== TOKENS ===
[0] WORD(make)
[1] WORD(re)
[2] WORD(&&)
=== CMDS ===
cmd[0]
  argv: [make] [re] [&&]
  redirs: none
  next: NULL
------------------
=== PROMPT ===
cat Makefile | grep "foo" >> outfile

=== TOKENS ===
[0] WORD(cat)
[1] WORD(Makefile)
[2] PIPE(|)
[3] WORD(grep)
[4] WORD("foo")
[5] REDIR_APPEND(>>)
[6] WORD(outfile)
=== CMDS ===
cmd[0]
  argv: [cat] [Makefile]
  redirs: none
  next: YES
cmd[1]
  argv: [grep] ["foo"]
  redirs: >> [outfile]
  next: NULL
------------------
=== PROMPT ===
exot

=== TOKENS ===
[0] WORD(exot)
=== CMDS ===
cmd[0]
  argv: [exot]
  redirs: none
  next: NULL
------------------
=== PROMPT ===
ls

=== TOKENS ===
[0] WORD(ls)
=== CMDS ===
cmd[0]
  argv: [ls]
  redirs: none
  next: NULL
------------------
